Arguments: 
  /usr/local/bin/node /usr/local/Cellar/yarn/1.22.10/libexec/bin/yarn.js run

PATH: 
  /usr/local/opt/mongodb-community@3.2/bin:/Library/Frameworks/Python.framework/Versions/3.7/bin:/Applications/Visual Studio Code.app/Contents/Resources/app/bin:/Users/diode/.npm-global/bin:/usr/bin:/bin:/usr/sbin:/sbin:/usr/local/bin:/flutter/bin:/Volumes/Saajan\'s\ drive/flutter/flutter/bin:/Users/diode/Documents

Yarn version: 
  1.22.10

Node version: 
  12.18.0

Platform: 
  darwin x64

Trace: 
  SyntaxError: /Volumes/Saajan's drive/SEED/RandomQuoteGenerator/package.json: Unexpected string in JSON at position 3
      at JSON.parse (<anonymous>)
      at /usr/local/Cellar/yarn/1.22.10/libexec/lib/cli.js:1625:59
      at Generator.next (<anonymous>)
      at step (/usr/local/Cellar/yarn/1.22.10/libexec/lib/cli.js:310:30)
      at /usr/local/Cellar/yarn/1.22.10/libexec/lib/cli.js:321:13

npm manifest: 
  {}
  "scripts": {
      "start": "some command to be run", // you need to add this line
      "test": "(eslint lib || true) && jest"
    }

yarn manifest: 
  No manifest

Lockfile: 
  # THIS IS AN AUTOGENERATED FILE. DO NOT EDIT THIS FILE DIRECTLY.
  # yarn lockfile v1
